0:100  0:100  MemLog inited, TSC freq: 2712382870
0:100  0:000  CPU was calibrated with RTC
0:100  0:000  
0:100  0:000  Now is 5.3.2019,  22:40:1 (GMT)
0:100  0:000  Starting Clover revision: 4701.RM-4963.24249(ca6cca7c.a0344119e7)  on American Megatrends EFI
0:100  0:000  Build with: [Args: -mc --no-usb -D NO_GRUB_DRIVERS_EMBEDDED -t XCODE8 | -D DISABLE_USB_SUPPORT -D NO_GRUB_DRIVERS_EMBEDDED --conf=/Users/rehabman/Projects/clover.git/src/edk2/Conf -D USE_BIOS_BLOCKIO -D USE_LOW_EBDA -a X64 -b RELEASE -t XCODE8 -n 9 | OS: 10.14 | XCODE: 9.4.1]
0:100  0:000  SelfDevicePath=PciRoot(0x0)\Pci(0x14,0x0)\USB(0xC,0x0)\HD(1,MBR,0x00000000,0x800,0x64000) @758C5F18
0:100  0:000  SelfDirPath = \EFI\BOOT
0:100  0:000  === [ Get Smbios ] ========================================
0:100  0:000  Type 16 Index = 0
0:100  0:000  Total Memory Slots Count = 2
0:100  0:000  Type 17 Index = 0
0:100  0:000  SmbiosTable.Type17->Speed = 2667MHz
0:100  0:000  SmbiosTable.Type17->Size = 8192MB
0:100  0:000  SmbiosTable.Type17->Bank/Device = Memory Channel A SODIMM1
0:100  0:000  SmbiosTable.Type17->Vendor = 04CD
0:100  0:000  SmbiosTable.Type17->SerialNumber = 00000000
0:100  0:000  SmbiosTable.Type17->PartNumber = F4-2666C19-8GRS     
0:100  0:000  Type 17 Index = 1
0:100  0:000  SmbiosTable.Type17->Speed = 2667MHz
0:100  0:000  SmbiosTable.Type17->Size = 8192MB
0:100  0:000  SmbiosTable.Type17->Bank/Device = Memory Channel B SODIMM2
0:100  0:000  SmbiosTable.Type17->Vendor = 04CD
0:100  0:000  SmbiosTable.Type17->SerialNumber = 00000000
0:100  0:000  SmbiosTable.Type17->PartNumber = F4-2666C19-8GRS     
0:100  0:000  Boot status=0
0:100  0:000  Running on: 'NUC8i7BEH' with board 'NUC8BEB'
0:100  0:000  === [ GetCPUProperties ] ==================================
0:100  0:000  CPU Vendor = 756E6547 Model=806EA
0:100  0:000   The CPU supported SSE4.1
0:100  0:000  BrandString = Intel(R) Core(TM) i7-8559U CPU @ 2.70GHz
0:100  0:000   The CPU supported turbo
0:100  0:000  MSR 0x35               40008
0:100  0:000   TSC/CCC Information Leaf:
0:100  0:000    numerator     : 226
0:100  0:000    denominator   : 2
0:100  0:000   Calibrated ARTFrequency: 24003388
0:100  0:000  MSR 0xE2 before patch 1E008008
0:100  0:000  MSR 0xE2 is locked, PM patches will be turned on
0:100  0:000  MSR 0xCE              0204043B_F1011B00
0:100  0:000  corrected FLEX_RATIO = 0
0:100  0:000  MSR 0x1B0             00000000
0:100  0:000  FSBFrequency = 86 MHz, DMI FSBFrequency = 100 MHz, Corrected FSBFrequency = 100 MHz
0:100  0:000  MaxDiv/MinDiv: 27.0/4
0:100  0:000  Turbo: 41/42/45/45
0:100  0:000  Features: 0xBFEBFBFF
0:100  0:000  Threads: 8
0:100  0:000  Cores: 4
0:100  0:000  FSB: 100 MHz
0:100  0:000  CPU: 2300 MHz
0:100  0:000  TSC: 2300 MHz
0:100  0:000  PIS: 100 MHz
0:100  0:000  ExternalClock: 25 MHz
0:100  0:000  === [ GetDevices ] ========================================
0:100  0:000  PCI (00|00:00.00) : 8086 3ED0 class=060000
0:100  0:000  PCI (00|00:02.00) : 8086 3EA5 class=030000
0:100  0:000   - GFX: Model=Intel Iris Plus Graphics 655 (Intel)
0:100  0:000  PCI (00|00:08.00) : 8086 1911 class=088000
0:100  0:000  PCI (00|00:12.00) : 8086 9DF9 class=118000
0:100  0:000  PCI (00|00:14.00) : 8086 9DED class=0C0330
0:100  0:000  PCI (00|00:14.02) : 8086 9DEF class=050000
0:100  0:000  PCI (00|00:14.03) : 8086 9DF0 class=028000
0:100  0:000   - WIFI: Vendor=Intel
0:100  0:000  PCI (00|00:16.00) : 8086 9DE0 class=078000
0:100  0:000  PCI (00|00:17.00) : 8086 9DD3 class=010601
0:100  0:000  PCI (00|00:1C.00) : 8086 9DB8 class=060400
0:100  0:000  PCI (00|00:1C.04) : 8086 9DBC class=060400
0:100  0:000  PCI (00|00:1D.00) : 8086 9DB0 class=060400
0:100  0:000  PCI (00|6D:00.00) : 144D A808 class=010802
0:100  0:000  PCI (00|00:1D.06) : 8086 9DB6 class=060400
0:100  0:000  PCI (00|6E:00.00) : 10EC 522A class=FF0000
0:101  0:000  PCI (00|00:1F.00) : 8086 9D84 class=060100
0:101  0:000  PCI (00|00:1F.03) : 8086 9DC8 class=040380
0:101  0:000  PCI (00|00:1F.04) : 8086 9DA3 class=0C0500
0:101  0:000  PCI (00|00:1F.05) : 8086 9DA4 class=0C8000
0:101  0:000  PCI (00|00:1F.06) : 8086 15BE class=020000
0:101  0:000   - LAN: 0 Vendor=Intel
0:101  0:000  === [ GetDefaultSettings ] ================================
0:101  0:000  Clover load options size = 0 bytes
0:104  0:003  EFI\CLOVER\config.plist loaded: Success
0:109  0:004  === [ GetListOfThemes ] ===================================
0:110  0:001  - [00]: embedded
0:111  0:000  - [00]: random
0:113  0:001  - [00]: BGM
0:116  0:003  === [ Found config plists ] ===============================
0:116  0:000  - config.plist
0:117  0:001  === [ GetEarlyUserSettings ] ==============================
0:117  0:000  timeout set to 5
0:117  0:000  Custom boot CUSTOM_BOOT_DISABLED (0x0)
0:117  0:000  ForceKextsToLoad: 1 requested
0:117  0:000   - [0]: System\Library\Extensions\IONetworkingFamily.kext
0:117  0:000  KernelToPatch: 3 requested
0:117  0:000   - [00]: MSR 0xE2 _xcpm_idle instant reboot(c) Pike R. Alpha :: data len: 8
0:117  0:000   - [01]: Disable panic kext logging on 10.13 release kernel (credit vit9696) :: MatchOS: 10.13.x :: data len: 6
0:117  0:000   - [02]: Disable panic kext logging on 10.14 release kernel (credit vit9696) :: MatchOS: 10.14.x :: data len: 6
0:117  0:000  Default theme: BGM
0:117  0:000  ** Warning: unknown custom entry Type 'Other'
0:117  0:000  === [ LoadDrivers ] =======================================
0:118  0:000  Loading HFSPlus.efi  status=Success
0:123  0:004   - driver needs connecting
0:123  0:000  Loading ApfsDriverLoader-64.efi  status=Success
0:126  0:003   - driver needs connecting
0:126  0:000  Loading AppleImageLoader-64.efi  status=Success
0:128  0:002  Loading AptioMemoryFix-64.efi  status=Success
0:132  0:003  Loading DataHubDxe-64.efi  status=Success
0:138  0:005  Loading FSInject-64.efi  status=Success
0:141  0:003  Loading EmuVariableUefi-64.efi  status=Success
0:146  0:004  EmuVariableUefi Initialize: VariableCommonInitialize = Success, orig services stored, install gEmuVariableControlProtocolGuid = Success
0:147  0:001  Loading AptioInputFix-64.efi  status=Success
0:149  0:002  Loading SMCHelper-64.efi  status=Success
0:153  0:003  2 drivers needs connecting ...
0:153  0:000  PlatformDriverOverrideProtocol not found. Installing ... Success
0:153  0:000  HFS+ driver loaded
0:153  0:000  APFS driver loaded
0:153  0:000  Searching for invalid DiskIo BY_DRIVER connects: not found, all ok
0:298  0:144  EmuVariable InstallEmulation: orig vars copied, emu.var.services installed, CreateEvent = Success, done
0:337  0:039  === [ InitScreen ] ========================================
0:337  0:000  SetMaxResolution: found best mode 0: 1920x1080
0:337  0:000   - already set
0:337  0:000  Console modes reported: 6, available modes:
0:337  0:000   - [01]: 240x56 (current mode)
0:337  0:000   - [02]: 80x50
0:337  0:000   - [03]: 100x31
0:337  0:000   - [06]: 128x40
0:337  0:000  reinit: self device path=PciRoot(0x0)\Pci(0x14,0x0)\USB(0xC,0x0)\HD(1,MBR,0x00000000,0x800,0x64000)
0:338  0:000  Using embedded font: Success
0:339  0:000  === [ GetMacAddress ] =====================================
0:339  0:000  === [ ScanSPD ] ===========================================
0:339  0:000  SMBus device : 8086 9DA3 class=0C0500 status=Success
0:339  0:000  SMBus CmdReg: 0x3
0:339  0:000  Scanning SMBus [8086:9DA3], mmio: 0x4AC16004, ioport: 0xEFA0, hostc: 0x11
0:339  0:000  Slots to scan [8]...
0:340  0:000  SPD[0]: Type 12 @0x50
0:355  0:015  Not using XMP because it is not present
0:355  0:000  DDR speed 2666MHz
0:355  0:000  Slot: 0 Type 26 8192MB 2666MHz Vendor=G Skill Intl PartNo=F4-2666C19-8GRS SerialNo=0000000000000000
0:356  0:000  SPD[2]: Type 12 @0x52
0:372  0:015  Not using XMP because it is not present
0:372  0:000  DDR speed 2666MHz
0:372  0:000  Slot: 2 Type 26 8192MB 2666MHz Vendor=G Skill Intl PartNo=F4-2666C19-8GRS SerialNo=0000000000000000
0:373  0:000  === [ GetAcpiTablesList ] =================================
0:373  0:000  Get Acpi Tables List from RSDT:
0:373  0:000   - [00]: FACP  NUC8i7BE len=132
0:373  0:000   - [01]: APIC  NUC8i7BE len=188
0:373  0:000   - [02]: FPDT  NUC8i7BE len=68
0:373  0:000   - [03]: FIDT  NUC8i7BE len=156
0:373  0:000   - [04]: MCFG  NUC8i7BE len=60
0:373  0:000   - [05]: SSDT  NUC8i7BE len=6940
0:373  0:000   - [06]: SSDT  NUC8i7BE len=12742
0:373  0:000   - [07]: HPET  NUC8i7BE len=56
0:373  0:000   - [08]: SSDT  NUC8i7BE len=4014
0:373  0:000   - [09]: SSDT  NUC8i7BE len=12360
0:373  0:000   - [10]: UEFI  NUC8i7BE len=66
0:373  0:000   - [11]: LPIT  NUC8i7BE len=92
0:373  0:000   - [12]: SSDT  NUC8i7BE len=10206
0:373  0:000   - [13]: SSDT  NUC8i7BE len=2232
0:373  0:000   - [14]: DBGP  NUC8i7BE len=52
0:373  0:000   - [15]: DBG2  NUC8i7BE len=84
0:373  0:000   - [16]: DMAR  NUC8i7BE len=168
0:373  0:000   - [17]: SSDT  NUC8i7BE len=324
0:373  0:000   - [18]: NHLT  NUC8i7BE len=45
0:373  0:000   - [19]: BGRT  NUC8i7BE len=56
0:373  0:000   - [20]: TPM2  NUC8i7BE len=52
0:373  0:000   - [21]: WSMT  NUC8i7BE len=40
0:373  0:000  Calibrated TSC Frequency = 2712382870 = 2712MHz
0:373  0:000  === [ GetUserSettings ] ===================================
0:373  0:000  USB FixOwnership: yes
0:373  0:000  Dropping 1 tables:
0:373  0:000   - [00]: Drop table  signature="DMAR" (52414D44)
0:373  0:000           - set table: 52414D44,                0 to drop: yes
0:373  0:000   - final DSDT Fix mask=00000000
0:373  0:000  PatchesDSDT: 5 requested
0:373  0:000   - [00]: (change _OSI to XOSI) lenToFind: 4, lenToReplace: 4, Target Bridge: <null string>
0:373  0:000    patch disabled at config
0:373  0:000   - [01]: (change HDAS to HDEF) lenToFind: 4, lenToReplace: 4, Target Bridge: <null string>
0:373  0:000   - [02]: (change HECI to IMEI) lenToFind: 4, lenToReplace: 4, Target Bridge: <null string>
0:373  0:000   - [03]: (change MEI to IMEI) lenToFind: 4, lenToReplace: 4, Target Bridge: <null string>
0:373  0:000   - [04]: (change _DSM to XDSM) lenToFind: 4, lenToReplace: 4, Target Bridge: <null string>
0:373  0:000  Using ProductName from config: iMac16,2
0:373  0:000  BiosVersion: not set, Using BiosVersion from clover
0:373  0:000  BiosVersion: IM162.88Z.0221.B00.1809171530
0:373  0:000  BiosReleaseDate: 09/17/2018
0:373  0:000  Using FirmwareFeatures from clover: 0xFC0FE137
0:373  0:000  Using FirmwareFeaturesMask from clover: 0xFF1FFF3F
0:373  0:000  PlatformFeature will not set in SMBIOS
0:374  0:000  === [ Found DSDT tables ] =================================
0:410  0:036  === [ ScanVolumes ] =======================================
0:410  0:000  Found 7 volumes with blockIO
0:410  0:000  - [00]: Volume: PciRoot(0x0)\Pci(0x14,0x0)\USB(0xC,0x0)
0:411  0:000          USB volume
0:411  0:000  - [01]: Volume: PciRoot(0x0)\Pci(0x14,0x0)\USB(0xC,0x0)\HD(1,MBR,0x00000000,0x800,0x64000)
0:411  0:000          Result of bootcode detection: bootable unknown (legacy)
0:411  0:000          USB volume
0:412  0:000          This is SelfVolume !!
0:412  0:000  - [02]: Volume: PciRoot(0x0)\Pci(0x14,0x0)\USB(0xC,0x0)\HD(2,MBR,0x00000000,0x65000,0x1C6C800)
0:412  0:000          USB volume
0:412  0:000  - [03]: Volume: PciRoot(0x0)\Pci(0x1D,0x0)\Pci(0x0,0x0)\NVMe(0x1,CC-AA-B1-81-5C-38-25-00)
0:413  0:000  - [04]: Volume: PciRoot(0x0)\Pci(0x1D,0x0)\Pci(0x0,0x0)\NVMe(0x1,CC-AA-B1-81-5C-38-25-00)\HD(1,GPT,073DB073-FECC-448B-83D8-7F41E612D7F8,0x800,0x100000)
0:413  0:000          Result of bootcode detection: bootable unknown (legacy)
0:413  0:000  - [05]: Volume: PciRoot(0x0)\Pci(0x1D,0x0)\Pci(0x0,0x0)\NVMe(0x1,CC-AA-B1-81-5C-38-25-00)\HD(2,GPT,2CEF1781-A078-4026-9FFA-7BAF33EC4C69,0x100800,0x74606000)
0:413  0:000  - [06]: Volume: PciRoot(0x0)\Pci(0x1D,0x6)\Pci(0x0,0x0)
0:413  0:000  PutNvramPlistToRtVars: nvram.plist not found
0:413  0:000  === [ InitTheme ] =========================================
0:417  0:003  Using theme 'BGM' (EFI\CLOVER\themes\BGM)
0:417  0:000  OS main and drive as badge
0:419  0:002  Loading font from ThemeDir: Success
0:419  0:000  Chosen theme BGM
0:419  0:000  after NVRAM boot-args=dart=0 -disablegfxfirmware lilucpu=10
0:419  0:000  === [ Dump SMC keys from NVRAM ] ==========================
0:419  0:000  found AppleSMC protocol
0:420  0:001  Registered 16 SMC keys
0:420  0:000  === [ AddCustomEntries ] ==================================
0:420  0:000  Custom entry 0 skipped because it is disabled.
0:420  0:000  === [ ScanLoader ] ========================================
0:420  0:000  - [01]: 'EFI'
0:439  0:018          AddLoaderEntry for Volume Name=EFI
0:439  0:000          skipped because entry is hidden
0:439  0:000  - [02]: 'install_osx'
0:439  0:000          AddLoaderEntry for Volume Name=install_osx
0:439  0:000      Not match custom entry 0: Type: not match
0:454  0:014  - [04]: 'EFI'
0:460  0:005          AddLoaderEntry for Volume Name=EFI
0:460  0:000      Not match custom entry 0: Type: not match
0:470  0:010          AddLoaderEntry for Volume Name=EFI
0:470  0:000          skipped because entry is hidden
0:470  0:000  === [ AddCustomTool ] =====================================
0:470  0:000  found tool \EFI\CLOVER\tools\Shell64U.efi
0:470  0:000  Checking EFI partition Volume 4 for Clover
0:471  0:000  EmuVariable InstallEmulation: EFI_ALREADY_STARTED
0:471  0:000  === [ GetEfiBootDeviceFromNvram ] =========================
0:471  0:000  Default boot entry not found
0:471  0:000  EmuVariable UninstallEmulation: CloseEvent = Success, original var services restored
0:471  0:000  DefaultIndex=-1 and MainMenu.EntryCount=7
0:833  0:362  GUI ready
18:854  18:020  applied FakeIntel=0x12345678
18:854  0:000  EDITED: 0x12345678
37:166  18:311  Found BIOS RSDP at F0010
37:166  0:000  Printing ACPI tables from RSDP F0010 ...
37:166  0:000   F0010: 'RSD PTR ', Rev: 2 (Acpi 2.0 or newer), Len: 36
37:166  0:000    (Xsdt: 79DA20A8, Rsdt: 79DA2028)
37:166  0:000    79DA20A8: 'XSDT', 'NUC8i7BE', Rev: 1, Len: 212
37:166  0:000    79DA2028: 'RSDT', 'NUC8i7BE', Rev: 1, Len: 124
37:166  0:000    Tables in Xsdt: 22
37:166  0:000    0. 79DE4C60: 'FACP', 'NUC8i7BE', Rev: 6, Len: 276
37:166  0:000        (Dsdt: 79DA2210, Facs: 7A276080, XDsdt: 79DA2210, XFacs: 0)
37:166  0:000        79DA2210: 'DSDT', 'NUC8i7BE', Rev: 2, Len: 272976
37:171  0:004        7A276080: 'FACS', Ver: 2, Len: 64
37:171  0:000    1. 79DE4D78: 'APIC', 'NUC8i7BE', Rev: 4, Len: 188
37:171  0:000    2. 79DE4E38: 'FPDT', 'NUC8i7BE', Rev: 1, Len: 68
37:171  0:000    3. 79DE4E80: 'FIDT', 'NUC8i7BE', Rev: 1, Len: 156
37:171  0:000    4. 79DE4F20: 'MCFG', 'NUC8i7BE', Rev: 1, Len: 60
37:171  0:000    5. 79DE4F60: 'SSDT', 'NUC8i7BE', Rev: 2, Len: 6940
37:171  0:000    6. 79DE6A80: 'SSDT', 'NUC8i7BE', Rev: 2, Len: 12742
37:171  0:000    7. 79DE9C48: 'HPET', 'NUC8i7BE', Rev: 1, Len: 56
37:171  0:000    8. 79DE9C80: 'SSDT', 'NUC8i7BE', Rev: 2, Len: 4014
37:171  0:000    9. 79DEAC30: 'SSDT', 'NUC8i7BE', Rev: 2, Len: 12360
37:171  0:000    10. 79DEDC78: 'UEFI', 'NUC8i7BE', Rev: 1, Len: 66
37:171  0:000    11. 79DEDCC0: 'LPIT', 'NUC8i7BE', Rev: 1, Len: 92
37:171  0:000    12. 79DEDD20: 'SSDT', 'NUC8i7BE', Rev: 2, Len: 10206
37:171  0:000    13. 79DF0500: 'SSDT', 'NUC8i7BE', Rev: 2, Len: 2232
37:171  0:000    14. 79DF0DB8: 'DBGP', 'NUC8i7BE', Rev: 1, Len: 52
37:171  0:000    15. 79DF0DF0: 'DBG2', 'NUC8i7BE', Rev: 0, Len: 84
37:171  0:000    16. 79DF0E48: 'DMAR', 'NUC8i7BE', Rev: 1, Len: 168
37:171  0:000    17. 79DF0EF0: 'SSDT', 'NUC8i7BE', Rev: 2, Len: 324
37:171  0:000    18. 79DF1038: 'NHLT', 'NUC8i7BE', Rev: 0, Len: 45
37:171  0:000    19. 79DF1068: 'BGRT', 'NUC8i7BE', Rev: 1, Len: 56
37:171  0:000    20. 79DF10A0: 'TPM2', 'NUC8i7BE', Rev: 4, Len: 52
37:171  0:000    21. 79DF10D8: 'WSMT', 'NUC8i7BE', Rev: 1, Len: 40
37:171  0:000    Tables in Rsdt: 22
37:171  0:000    0. 79DA2188: 'FACP', 'NUC8i7BE', Rev: 2, Len: 132
37:171  0:000        (Dsdt: 79DA2210, Facs: 7A276040)
37:171  0:000        79DA2210: 'DSDT', 'NUC8i7BE', Rev: 2, Len: 272976
37:175  0:004        7A276040: 'FACS', Ver: 0, Len: 64
37:175  0:000    1. 79DE4D78: 'APIC', 'NUC8i7BE', Rev: 4, Len: 188
37:175  0:000    2. 79DE4E38: 'FPDT', 'NUC8i7BE', Rev: 1, Len: 68
37:175  0:000    3. 79DE4E80: 'FIDT', 'NUC8i7BE', Rev: 1, Len: 156
37:175  0:000    4. 79DE4F20: 'MCFG', 'NUC8i7BE', Rev: 1, Len: 60
37:175  0:000    5. 79DE4F60: 'SSDT', 'NUC8i7BE', Rev: 2, Len: 6940
37:175  0:000    6. 79DE6A80: 'SSDT', 'NUC8i7BE', Rev: 2, Len: 12742
37:175  0:000    7. 79DE9C48: 'HPET', 'NUC8i7BE', Rev: 1, Len: 56
37:175  0:000    8. 79DE9C80: 'SSDT', 'NUC8i7BE', Rev: 2, Len: 4014
37:175  0:000    9. 79DEAC30: 'SSDT', 'NUC8i7BE', Rev: 2, Len: 12360
37:175  0:000    10. 79DEDC78: 'UEFI', 'NUC8i7BE', Rev: 1, Len: 66
37:175  0:000    11. 79DEDCC0: 'LPIT', 'NUC8i7BE', Rev: 1, Len: 92
37:175  0:000    12. 79DEDD20: 'SSDT', 'NUC8i7BE', Rev: 2, Len: 10206
37:175  0:000    13. 79DF0500: 'SSDT', 'NUC8i7BE', Rev: 2, Len: 2232
37:175  0:000    14. 79DF0DB8: 'DBGP', 'NUC8i7BE', Rev: 1, Len: 52
37:175  0:000    15. 79DF0DF0: 'DBG2', 'NUC8i7BE', Rev: 0, Len: 84
37:175  0:000    16. 79DF0E48: 'DMAR', 'NUC8i7BE', Rev: 1, Len: 168
37:175  0:000    17. 79DF0EF0: 'SSDT', 'NUC8i7BE', Rev: 2, Len: 324
37:175  0:000    18. 79DF1038: 'NHLT', 'NUC8i7BE', Rev: 0, Len: 45
37:175  0:000    19. 79DF1068: 'BGRT', 'NUC8i7BE', Rev: 1, Len: 56
37:175  0:000    20. 79DF10A0: 'TPM2', 'NUC8i7BE', Rev: 4, Len: 52
37:175  0:000    21. 79DF10D8: 'WSMT', 'NUC8i7BE', Rev: 1, Len: 40
37:175  0:000  Found UEFI Acpi 2.0 RSDP at 79DA2000
37:175  0:000  Saving ACPI tables from RSDP 79DA2000 to EFI\CLOVER\ACPI\origin ...
37:175  0:000   79DA2000: 'RSD PTR ', Rev: 2 (Acpi 2.0 or newer), Len: 36 -> RSDP.aml
37:289  0:114    (Xsdt: 79DA20A8, Rsdt: 79DA2028)
37:289  0:000    79DA20A8: 'XSDT', 'NUC8i7BE', Rev: 1, Len: 212 -> XSDT.aml
37:403  0:114    79DA2028: 'RSDT', 'NUC8i7BE', Rev: 1, Len: 124 -> RSDT.aml
37:530  0:126    Tables in Xsdt: 22
37:530  0:000    0. 79DE4C60: 'FACP', 'NUC8i7BE', Rev: 6, Len: 276 -> FACP.aml
37:689  0:159        (Dsdt: 79DA2210, Facs: 7A276080, XDsdt: 79DA2210, XFacs: 0)
37:689  0:000        79DA2210: 'DSDT', 'NUC8i7BE', Rev: 2, Len: 272976 -> DSDT.aml
37:848  0:159        7A276080: 'FACS', Ver: 2, Len: 64 -> FACS.aml
37:962  0:114    1. 79DE4D78: 'APIC', 'NUC8i7BE', Rev: 4, Len: 188 -> APIC.aml
38:080  0:117    2. 79DE4E38: 'FPDT', 'NUC8i7BE', Rev: 1, Len: 68 -> FPDT.aml
38:178  0:097    3. 79DE4E80: 'FIDT', 'NUC8i7BE', Rev: 1, Len: 156 -> FIDT.aml
38:311  0:133    4. 79DE4F20: 'MCFG', 'NUC8i7BE', Rev: 1, Len: 60 -> MCFG.aml
38:400  0:089    5. 79DE4F60: 'SSDT', 'NUC8i7BE', Rev: 2, Len: 6940 -> SSDT-0-NUC8i7BE.aml (Found hidden SSDT 9 pcs)
38:519  0:118        * 79D87518: 'SSDT', 'Cpu0Ist', Rev: 2, Len: 1574  53 53 44 54 26 06 00 00 02 5A 50 6D 52 65 66 00 Internal length = 1574 -> SSDT-x0_0-Cpu0Ist.aml
38:629  0:110        * 79D56018: 'SSDT', 'ApIst', Rev: 2, Len: 1532  53 53 44 54 FC 05 00 00 02 23 50 6D 52 65 66 00 Internal length = 1532 -> SSDT-x0_1-ApIst.aml
38:739  0:109        * 79D56698: 'SSDT', 'Cpu0Cst', Rev: 2, Len: 1024  53 53 44 54 00 04 00 00 02 D9 50 6D 52 65 66 00 Internal length = 1024 -> SSDT-x0_2-Cpu0Cst.aml
38:947  0:207        * 79D54018: 'SSDT', 'ApCst', Rev: 2, Len: 778  53 53 44 54 0A 03 00 00 02 E9 50 6D 52 65 66 00 Internal length = 778 -> SSDT-x0_3-ApCst.aml
39:061  0:113        * 79D57C18: 'SSDT', 'Cpu0Hwp', Rev: 2, Len: 283  53 53 44 54 1B 01 00 00 02 61 50 6D 52 65 66 00 Internal length = 283 -> SSDT-x0_4-Cpu0Hwp.aml
39:175  0:114        * 79D54418: 'SSDT', 'ApHwp', Rev: 2, Len: 791  53 53 44 54 17 03 00 00 02 E3 50 6D 52 65 66 00 Internal length = 791 -> SSDT-x0_5-ApHwp.aml
39:289  0:113        * 79D57198: 'SSDT', 'HwpLvt', Rev: 2, Len: 1828  53 53 44 54 24 07 00 00 02 CA 50 6D 52 65 66 00 Internal length = 1828 -> SSDT-x0_6-HwpLvt.aml
39:415  0:126        * 79D57018: 'SSDT', 'Cpu0Psd', Rev: 2, Len: 244  53 53 44 54 F4 00 00 00 02 37 50 6D 52 65 66 00 Internal length = 244 -> SSDT-x0_7-Cpu0Psd.aml
39:552  0:137        * 79D55018: 'SSDT', 'ApPsd', Rev: 2, Len: 2736  53 53 44 54 B0 0A 00 00 02 AB 50 6D 52 65 66 00 Internal length = 2736 -> SSDT-x0_8-ApPsd.aml
39:722  0:169  
39:722  0:000    6. 79DE6A80: 'SSDT', 'NUC8i7BE', Rev: 2, Len: 12742 -> SSDT-1-NUC8i7BE.aml
39:850  0:128    7. 79DE9C48: 'HPET', 'NUC8i7BE', Rev: 1, Len: 56 -> HPET.aml
39:964  0:113    8. 79DE9C80: 'SSDT', 'NUC8i7BE', Rev: 2, Len: 4014 -> SSDT-2-NUC8i7BE.aml
40:078  0:113    9. 79DEAC30: 'SSDT', 'NUC8i7BE', Rev: 2, Len: 12360 -> SSDT-3-NUC8i7BE.aml
40:193  0:114    10. 79DEDC78: 'UEFI', 'NUC8i7BE', Rev: 1, Len: 66 -> UEFI.aml
40:319  0:126    11. 79DEDCC0: 'LPIT', 'NUC8i7BE', Rev: 1, Len: 92 -> LPIT.aml
40:490  0:171    12. 79DEDD20: 'SSDT', 'NUC8i7BE', Rev: 2, Len: 10206 -> SSDT-4-NUC8i7BE.aml
40:628  0:137    13. 79DF0500: 'SSDT', 'NUC8i7BE', Rev: 2, Len: 2232 -> SSDT-5-NUC8i7BE.aml
40:742  0:114    14. 79DF0DB8: 'DBGP', 'NUC8i7BE', Rev: 1, Len: 52 -> DBGP.aml
40:854  0:111    15. 79DF0DF0: 'DBG2', 'NUC8i7BE', Rev: 0, Len: 84 -> DBG2.aml
40:952  0:098    16. 79DF0E48: 'DMAR', 'NUC8i7BE', Rev: 1, Len: 168 -> DMAR.aml
41:090  0:137    17. 79DF0EF0: 'SSDT', 'NUC8i7BE', Rev: 2, Len: 324 -> SSDT-6-NUC8i7BE.aml
41:198  0:108    18. 79DF1038: 'NHLT', 'NUC8i7BE', Rev: 0, Len: 45 -> NHLT.aml
41:307  0:108    19. 79DF1068: 'BGRT', 'NUC8i7BE', Rev: 1, Len: 56 -> BGRT.aml
41:415  0:108    20. 79DF10A0: 'TPM2', 'NUC8i7BE', Rev: 4, Len: 52 -> TPM2.aml
41:523  0:108    21. 79DF10D8: 'WSMT', 'NUC8i7BE', Rev: 1, Len: 40 -> WSMT.aml
41:702  0:179    Tables in Rsdt: 22
41:702  0:000    0. 79DA2188: 'FACP', 'NUC8i7BE', Rev: 2, Len: 132 -> RSDT-FACP.aml
41:836  0:133        (Dsdt: 79DA2210, Facs: 7A276040)
41:836  0:000        79DA2210: 'DSDT', 'NUC8i7BE', Rev: 2, Len: 272976
41:840  0:004        7A276040: 'FACS', Ver: 0, Len: 64 -> RSDT-FACS.aml
41:954  0:114    1. 79DE4D78: 'APIC', 'NUC8i7BE', Rev: 4, Len: 188
41:954  0:000    2. 79DE4E38: 'FPDT', 'NUC8i7BE', Rev: 1, Len: 68
41:954  0:000    3. 79DE4E80: 'FIDT', 'NUC8i7BE', Rev: 1, Len: 156
41:954  0:000    4. 79DE4F20: 'MCFG', 'NUC8i7BE', Rev: 1, Len: 60
41:954  0:000    5. 79DE4F60: 'SSDT', 'NUC8i7BE', Rev: 2, Len: 6940
41:954  0:000    6. 79DE6A80: 'SSDT', 'NUC8i7BE', Rev: 2, Len: 12742
41:954  0:000    7. 79DE9C48: 'HPET', 'NUC8i7BE', Rev: 1, Len: 56
41:954  0:000    8. 79DE9C80: 'SSDT', 'NUC8i7BE', Rev: 2, Len: 4014
41:954  0:000    9. 79DEAC30: 'SSDT', 'NUC8i7BE', Rev: 2, Len: 12360
41:954  0:000    10. 79DEDC78: 'UEFI', 'NUC8i7BE', Rev: 1, Len: 66
41:954  0:000    11. 79DEDCC0: 'LPIT', 'NUC8i7BE', Rev: 1, Len: 92
41:954  0:000    12. 79DEDD20: 'SSDT', 'NUC8i7BE', Rev: 2, Len: 10206
41:954  0:000    13. 79DF0500: 'SSDT', 'NUC8i7BE', Rev: 2, Len: 2232
41:954  0:000    14. 79DF0DB8: 'DBGP', 'NUC8i7BE', Rev: 1, Len: 52
41:954  0:000    15. 79DF0DF0: 'DBG2', 'NUC8i7BE', Rev: 0, Len: 84
41:954  0:000    16. 79DF0E48: 'DMAR', 'NUC8i7BE', Rev: 1, Len: 168
41:954  0:000    17. 79DF0EF0: 'SSDT', 'NUC8i7BE', Rev: 2, Len: 324
41:954  0:000    18. 79DF1038: 'NHLT', 'NUC8i7BE', Rev: 0, Len: 45
41:954  0:000    19. 79DF1068: 'BGRT', 'NUC8i7BE', Rev: 1, Len: 56
41:954  0:000    20. 79DF10A0: 'TPM2', 'NUC8i7BE', Rev: 4, Len: 52
41:954  0:000    21. 79DF10D8: 'WSMT', 'NUC8i7BE', Rev: 1, Len: 40
41:954  0:000  Found UEFI Acpi 1.0 RSDP at 79DA2000
41:954  0:000  Printing ACPI tables from RSDP 79DA2000 ...
41:954  0:000   79DA2000: 'RSD PTR ', Rev: 2 (Acpi 2.0 or newer), Len: 36
41:954  0:000    (Xsdt: 79DA20A8, Rsdt: 79DA2028)
41:954  0:000    79DA20A8: 'XSDT', 'NUC8i7BE', Rev: 1, Len: 212
41:954  0:000    79DA2028: 'RSDT', 'NUC8i7BE', Rev: 1, Len: 124
41:954  0:000    Tables in Xsdt: 22
41:954  0:000    0. 79DE4C60: 'FACP', 'NUC8i7BE', Rev: 6, Len: 276
41:954  0:000        (Dsdt: 79DA2210, Facs: 7A276080, XDsdt: 79DA2210, XFacs: 0)
41:954  0:000        79DA2210: 'DSDT', 'NUC8i7BE', Rev: 2, Len: 272976
41:959  0:004        7A276080: 'FACS', Ver: 2, Len: 64
41:959  0:000    1. 79DE4D78: 'APIC', 'NUC8i7BE', Rev: 4, Len: 188
41:959  0:000    2. 79DE4E38: 'FPDT', 'NUC8i7BE', Rev: 1, Len: 68
41:959  0:000    3. 79DE4E80: 'FIDT', 'NUC8i7BE', Rev: 1, Len: 156
41:959  0:000    4. 79DE4F20: 'MCFG', 'NUC8i7BE', Rev: 1, Len: 60
41:959  0:000    5. 79DE4F60: 'SSDT', 'NUC8i7BE', Rev: 2, Len: 6940
41:959  0:000    6. 79DE6A80: 'SSDT', 'NUC8i7BE', Rev: 2, Len: 12742
41:959  0:000    7. 79DE9C48: 'HPET', 'NUC8i7BE', Rev: 1, Len: 56
41:959  0:000    8. 79DE9C80: 'SSDT', 'NUC8i7BE', Rev: 2, Len: 4014
41:959  0:000    9. 79DEAC30: 'SSDT', 'NUC8i7BE', Rev: 2, Len: 12360
41:959  0:000    10. 79DEDC78: 'UEFI', 'NUC8i7BE', Rev: 1, Len: 66
41:959  0:000    11. 79DEDCC0: 'LPIT', 'NUC8i7BE', Rev: 1, Len: 92
41:959  0:000    12. 79DEDD20: 'SSDT', 'NUC8i7BE', Rev: 2, Len: 10206
41:959  0:000    13. 79DF0500: 'SSDT', 'NUC8i7BE', Rev: 2, Len: 2232
41:959  0:000    14. 79DF0DB8: 'DBGP', 'NUC8i7BE', Rev: 1, Len: 52
41:959  0:000    15. 79DF0DF0: 'DBG2', 'NUC8i7BE', Rev: 0, Len: 84
41:959  0:000    16. 79DF0E48: 'DMAR', 'NUC8i7BE', Rev: 1, Len: 168
41:959  0:000    17. 79DF0EF0: 'SSDT', 'NUC8i7BE', Rev: 2, Len: 324
41:959  0:000    18. 79DF1038: 'NHLT', 'NUC8i7BE', Rev: 0, Len: 45
41:959  0:000    19. 79DF1068: 'BGRT', 'NUC8i7BE', Rev: 1, Len: 56
41:959  0:000    20. 79DF10A0: 'TPM2', 'NUC8i7BE', Rev: 4, Len: 52
41:959  0:000    21. 79DF10D8: 'WSMT', 'NUC8i7BE', Rev: 1, Len: 40
41:959  0:000    Tables in Rsdt: 22
41:959  0:000    0. 79DA2188: 'FACP', 'NUC8i7BE', Rev: 2, Len: 132
41:959  0:000        (Dsdt: 79DA2210, Facs: 7A276040)
41:959  0:000        79DA2210: 'DSDT', 'NUC8i7BE', Rev: 2, Len: 272976
41:963  0:004        7A276040: 'FACS', Ver: 0, Len: 64
41:963  0:000    1. 79DE4D78: 'APIC', 'NUC8i7BE', Rev: 4, Len: 188
41:963  0:000    2. 79DE4E38: 'FPDT', 'NUC8i7BE', Rev: 1, Len: 68
41:963  0:000    3. 79DE4E80: 'FIDT', 'NUC8i7BE', Rev: 1, Len: 156
41:963  0:000    4. 79DE4F20: 'MCFG', 'NUC8i7BE', Rev: 1, Len: 60
41:963  0:000    5. 79DE4F60: 'SSDT', 'NUC8i7BE', Rev: 2, Len: 6940
41:963  0:000    6. 79DE6A80: 'SSDT', 'NUC8i7BE', Rev: 2, Len: 12742
41:963  0:000    7. 79DE9C48: 'HPET', 'NUC8i7BE', Rev: 1, Len: 56
41:963  0:000    8. 79DE9C80: 'SSDT', 'NUC8i7BE', Rev: 2, Len: 4014
41:963  0:000    9. 79DEAC30: 'SSDT', 'NUC8i7BE', Rev: 2, Len: 12360
41:963  0:000    10. 79DEDC78: 'UEFI', 'NUC8i7BE', Rev: 1, Len: 66
41:963  0:000    11. 79DEDCC0: 'LPIT', 'NUC8i7BE', Rev: 1, Len: 92
41:963  0:000    12. 79DEDD20: 'SSDT', 'NUC8i7BE', Rev: 2, Len: 10206
41:963  0:000    13. 79DF0500: 'SSDT', 'NUC8i7BE', Rev: 2, Len: 2232
41:963  0:000    14. 79DF0DB8: 'DBGP', 'NUC8i7BE', Rev: 1, Len: 52
41:963  0:000    15. 79DF0DF0: 'DBG2', 'NUC8i7BE', Rev: 0, Len: 84
41:963  0:000    16. 79DF0E48: 'DMAR', 'NUC8i7BE', Rev: 1, Len: 168
41:963  0:000    17. 79DF0EF0: 'SSDT', 'NUC8i7BE', Rev: 2, Len: 324
41:963  0:000    18. 79DF1038: 'NHLT', 'NUC8i7BE', Rev: 0, Len: 45
41:963  0:000    19. 79DF1068: 'BGRT', 'NUC8i7BE', Rev: 1, Len: 56
41:963  0:000    20. 79DF10A0: 'TPM2', 'NUC8i7BE', Rev: 4, Len: 52
41:963  0:000    21. 79DF10D8: 'WSMT', 'NUC8i7BE', Rev: 1, Len: 40
62:935  20:971  BootVariable of the entry is empty
62:935  0:000  === [ StartLoader ] =======================================
62:935  0:000  Finally: ExternalClock=26MHz BusSpeed=100459kHz CPUFreq=2712MHz PIS: hw.busfrequency=104000000Hz
62:935  0:000  Loading boot.efi  status=Success
63:006  0:070  GetOSVersion: 10.14.3 (18D109)
63:006  0:000  CSR_CFG: CSR_ALLOW_UNTRUSTED_KEXTS | CSR_ALLOW_UNRESTRICTED_FS | CSR_ALLOW_TASK_FOR_PID | CSR_ALLOW_UNRESTRICTED_DTRACE | CSR_ALLOW_UNRESTRICTED_NVRAM
63:006  0:000  Filtering KernelPatches:
63:006  0:000   - [00]: MSR 0xE2 _xcpm_idle instant reboot(c) Pike R. Alpha :: [OS: 10.14.3 | MatchOS: All | MatchBuild: no] ==> allowed by OS
63:006  0:000   - [01]: Disable panic kext logging on 10.13 release kernel (credit vit9696) :: [OS: 10.14.3 | MatchOS: 10.13.x | MatchBuild: no] ==> not allowed by OS
63:006  0:000   - [02]: Disable panic kext logging on 10.14 release kernel (credit vit9696) :: [OS: 10.14.3 | MatchOS: 10.14.x | MatchBuild: no] ==> allowed by OS
63:006  0:000  Will not patch boot.efi
63:006  0:000  EmuVariable InstallEmulation: orig vars copied, emu.var.services installed, CreateEvent = Success, done
63:046  0:040  === [ PatchSmbios ] =======================================
63:046  0:000  insert table 9 for dev 1F:6
63:046  0:000  insert table 9 for dev 14:3
63:048  0:001  Trusting SMBIOS...
63:048  0:000  Detected alternating SMBIOS channel banks
63:048  0:000  Channels: 2
63:048  0:000  Interleave: 0 2 1 3 4 6 5 7 8 10 9 11 12 14 13 15 16 18 17 19 20 22 21 23
63:048  0:000   partNum=F4-2666C19-8GRS     
63:048  0:000  SMBIOS Type 17 Index = 0 => 0 0:
63:048  0:000  BANK 0 DIMM0 2667MHz 8192MB
63:048  0:000   partNum=F4-2666C19-8GRS     
63:048  0:000  SMBIOS Type 17 Index = 1 => 1 2:
63:048  0:000  BANK 1 DIMM0 2667MHz 8192MB
63:048  0:000  mTotalSystemMemory = 16384
63:048  0:000  NumberOfMemoryDevices = 2
63:048  0:000  Type20[0]->End = 0x7FFFFF, Type17[0] = 0x2000
63:048  0:000  Type20[1]->End = 0xFFFFFF, Type17[1] = 0x6000
63:048  0:000  Table 131 is present, CPUType=31
63:048  0:000  Change to: 705
63:048  0:000  === [ PatchACPI ] =========================================
63:048  0:000  Xsdt reallocation done
63:048  0:000  old FADT length=114
63:048  0:000   SignatureFixup: 0x19A16DA2 -> 0x0
63:049  0:000  Apply DsdtFixMask=0x00000000
63:049  0:000     drop _DSM mask=0x0000
63:049  0:000  === [ FixBiosDsdt ] =======================================
63:049  0:000  VideoCard devID=0x3EA58086
63:049  0:000  DisplayADR1[0] = 0x20000, DisplayADR2[0] = 0xFFFE
63:049  0:000  USBADR[0] = 0x140000 and PCIe = 0xFFFE
63:060  0:010  Patching DSDT:
63:060  0:000   - [change _OSI to XOSI]: disabled
63:060  0:000   - [change HDAS to HDEF]: pattern 48444153, patched at: [ (8FF) (12) (12) (EB27) (76) (3F) (66) (A7) (DB) (89) (1BB79) (19D0) (AD63) (8FCC) ]
63:060  0:000   - [change HECI to IMEI]: pattern 48454349, patched at: [ (13CBD) (175D8) (1FAE) ]
63:061  0:000   - [change MEI to IMEI]: pattern 4D45495F, bin not found / already patched!
63:061  0:000   - [change _DSM to XDSM]: pattern 5F44534D, patched at: [ (44E2) (E3D) (3A4) (3A4) (3A4) (3A4) (3A4) (3A4) (3A4) (3A4) (3A4) (3A4) (3A4) (3A4) (3A4) (3A4) (3A4) (3A4) (3A4) (3A4) (3A4) (3A4) (3A4) (3A4) (3A4) (3F2D) (76) (49C) (B) (48A) (5F1) (11) (6B) (22) (22) (3C) (18) (36) (814) (26F0) (E3) (E3) (60E) (C0) (C0) (C0) (C0) (C0) (C0) (C0) (C0) (FC) (106) (106) (152) (2D7) (9E) (58) (2A61) (1FA1) (2C10) (CC0) (CC0) (CC0) (CC0) (CC0) (CC0) (CC0) (CC0) (CC0) (CC0) (CC0) (CC0) (CC0) (CC0) (CC0) (CC0) (CC0) (CC0) (CC0) (3445) (2D3A) (2E4) (2E3) (2E3) (2EC) (283) (284) (284) (553) (979) (97C) (97C) (6E7) (1F0) (14D) (8BB) (364) (BE) (34D) (364) (BE) (332) (364) (BE) (332) (364) (BE) (1B6) (102) (110) (AAA7) ]
63:061  0:000    0 replacements
63:061  0:000  first CPU found at AA8F offset AA92
63:061  0:000  score candidate at AA8B
63:061  0:000  score inserted in acpi_cpu_score _SB_
63:061  0:000  Found ACPI CPU: PR00 | PR01 | PR02 | PR03 | PR04 | PR05 | PR06 | PR07 | PR08 | PR09 | PR10 | PR11 | PR12 | PR13 | PR14 | PR15 , within the score: _SB_
63:063  0:001  PreCleanup XSDT: count=22, length=212
63:063  0:000  PreCleanup XSDT, corrected XSDT: count=22, length=212
63:063  0:000  === [ ACPIDropTables ] ====================================
63:063  0:000  Drop tables from XSDT, SIGN=DMAR TableID=NUC8i7BE Length=168
63:063  0:000   Table[16]: DMAR  NUC8i7BE  168 dropped
63:063  0:000  0. [change _OSI to XOSI]: disabled
63:063  0:000  1. [change HDAS to HDEF]: pattern 48444153, bin not found / already patched!
63:063  0:000  2. [change HECI to IMEI]: pattern 48454349, bin not found / already patched!
63:063  0:000  3. [change MEI to IMEI]: pattern 4D45495F, bin not found / already patched!
63:063  0:000  4. [change _DSM to XDSM]: pattern 5F44534D, bin not found / already patched!
63:063  0:000    0 replacements
63:063  0:000  Found OperationRegion(PNVS, SystemMemory, 7ADF7000, ...)
63:063  0:000  0. [change _OSI to XOSI]: disabled
63:063  0:000  1. [change HDAS to HDEF]: pattern 48444153, bin not found / already patched!
63:063  0:000  2. [change HECI to IMEI]: pattern 48454349, bin not found / already patched!
63:063  0:000  3. [change MEI to IMEI]: pattern 4D45495F, bin not found / already patched!
63:063  0:000  4. [change _DSM to XDSM]: pattern 5F44534D, patched at: [ (2C92) (4D2) ]
63:063  0:000    0 replacements
63:063  0:000  Found OperationRegion(SANV, SystemMemory, 7A276118, ...)
63:063  0:000  0. [change _OSI to XOSI]: disabled
63:063  0:000  1. [change HDAS to HDEF]: pattern 48444153, bin not found / already patched!
63:063  0:000  2. [change HECI to IMEI]: pattern 48454349, bin not found / already patched!
63:063  0:000  3. [change MEI to IMEI]: pattern 4D45495F, bin not found / already patched!
63:063  0:000  4. [change _DSM to XDSM]: pattern 5F44534D, bin not found / already patched!
63:063  0:000    0 replacements
63:063  0:000  0. [change _OSI to XOSI]: disabled
63:063  0:000  1. [change HDAS to HDEF]: pattern 48444153, bin not found / already patched!
63:063  0:000  2. [change HECI to IMEI]: pattern 48454349, bin not found / already patched!
63:063  0:000  3. [change MEI to IMEI]: pattern 4D45495F, bin not found / already patched!
63:063  0:000  4. [change _DSM to XDSM]: pattern 5F44534D, bin not found / already patched!
63:063  0:000    0 replacements
63:063  0:000  0. [change _OSI to XOSI]: disabled
63:063  0:000  1. [change HDAS to HDEF]: pattern 48444153, bin not found / already patched!
63:063  0:000  2. [change HECI to IMEI]: pattern 48454349, bin not found / already patched!
63:063  0:000  3. [change MEI to IMEI]: pattern 4D45495F, bin not found / already patched!
63:063  0:000  4. [change _DSM to XDSM]: pattern 5F44534D, bin not found / already patched!
63:063  0:000    0 replacements
63:063  0:000  0. [change _OSI to XOSI]: disabled
63:063  0:000  1. [change HDAS to HDEF]: pattern 48444153, bin not found / already patched!
63:063  0:000  2. [change HECI to IMEI]: pattern 48454349, bin not found / already patched!
63:063  0:000  3. [change MEI to IMEI]: pattern 4D45495F, bin not found / already patched!
63:063  0:000  4. [change _DSM to XDSM]: pattern 5F44534D, bin not found / already patched!
63:063  0:000    0 replacements
63:063  0:000  0. [change _OSI to XOSI]: disabled
63:063  0:000  1. [change HDAS to HDEF]: pattern 48444153, bin not found / already patched!
63:063  0:000  2. [change HECI to IMEI]: pattern 48454349, bin not found / already patched!
63:063  0:000  3. [change MEI to IMEI]: pattern 4D45495F, bin not found / already patched!
63:063  0:000  4. [change _DSM to XDSM]: pattern 5F44534D, bin not found / already patched!
63:063  0:000    0 replacements
63:063  0:000  Found OperationRegion(ADHD, SystemMemory, 79A24000, ...)
63:063  0:000  Found OperationRegion(ABLK, SystemMemory, 79A24020, ...)
63:063  0:000  CPUBase=0 and ApicCPUBase=1 ApicCPUNum=1
63:063  0:000  Maximum control=0x1B
63:063  0:000  Turbo control=0x2D
63:063  0:000  P-States: min 0x4, max 0x2D
63:063  0:000  SSDT with plugin-type without P-States is generated
63:063  0:000  Cleanup XSDT: count=23, length=220
63:063  0:000  corrected XSDT count=22, length=212
63:063  0:000  === [ RestSetup macOS ] ===================================
63:063  0:000  EdidDiscovered size=256
63:063  0:000  --- Discovered EDID Table size:256
63:063  0:000  000  |  00  FF  FF  FF  FF  FF  FF  00  1E  6D
63:063  0:000  010  |  01  00  01  01  01  01  01  14  01  03
63:063  0:000  020  |  80  10  09  78  0A  EE  91  A3  54  4C
63:063  0:000  030  |  99  26  0F  50  54  A1  08  00  71  4F
63:064  0:000  040  |  81  80  01  01  01  01  01  01  01  01
63:064  0:000  050  |  01  01  01  01  02  3A  80  18  71  38
63:064  0:000  060  |  2D  40  58  2C  45  00  A0  5A  00  00
63:064  0:000  070  |  00  1E  01  1D  00  72  51  D0  1E  20
63:064  0:000  080  |  6E  28  55  00  A0  5A  00  00  00  1E
63:064  0:000  090  |  00  00  00  FD  00  3A  3E  1E  53  10
63:064  0:000  100  |  00  0A  20  20  20  20  20  20  00  00
63:064  0:000  110  |  00  FC  00  4C  47  20  54  56  0A  20
63:064  0:000  120  |  20  20  20  20  20  20  01  D7  02  03
63:064  0:000  130  |  26  F1  4E  10  1F  84  13  05  14  03
63:064  0:000  140  |  02  12  20  21  22  15  01  26  15  07
63:064  0:000  150  |  50  09  57  07  67  03  0C  00  30  00
63:064  0:000  160  |  B8  2D  E3  05  03  01  01  1D  80  18
63:064  0:000  170  |  71  1C  16  20  58  2C  25  00  A0  5A
63:064  0:000  180  |  00  00  00  9E  01  1D  00  80  51  D0
63:064  0:000  190  |  0C  20  40  80  35  00  A0  5A  00  00
63:064  0:000  200  |  00  1E  02  3A  80  18  71  38  2D  40
63:064  0:000  210  |  58  2C  45  00  A0  5A  00  00  00  1E
63:064  0:000  220  |  66  21  50  B0  51  00  1B  30  40  70
63:064  0:000  230  |  36  00  A0  5A  00  00  00  1E  00  00
63:064  0:000  240  |  00  00  00  00  00  00  00  00  00  00
63:064  0:000  250  |  00  00  00  00  00  19
63:064  0:000  Intel Iris Plus Graphics 655 [8086:3EA5] :: PciRoot(0x0)\Pci(0x2,0x0)
63:064  0:000    Found Full HD Display - 16:9 :: Width=1920 Height=1080
63:064  0:000    Beginning DualLink auto-detection
63:064  0:000    High Resolution Display
63:064  0:000    AAPL00,DualLink = 1
63:064  0:000    FakeID Intel GFX = 0x12345678
63:064  0:000    ig-platform-id = 0x59120000
63:064  0:000  Intel GFX revision  = 0x1
63:064  0:000   RCBA disabled; cannot use it
63:064  0:000  stringlength = 1282
63:064  0:000  CurrentMode: Width=1920 Height=1080
63:064  0:000  Beginning FSInjection
FSInjectionInstall ...
- Our FSI_SIMPLE_FILE_SYSTEM_PROTOCOL installed on handle: 758C5918
FSInjectionInstall ...
- Our FSI_SIMPLE_FILE_SYSTEM_PROTOCOL installed on handle: 758C5918
63:065  0:000  Use origin smbios table type 1 guid.
63:069  0:004    Force kext: System\Library\Extensions\IONetworkingFamily.kext
63:069  0:000  Failed to load extra kext (Info.plist not found): System\Library\Extensions\IONetworkingFamily.kext
63:069  0:000  Preparing kexts injection for arch=x86_64 from EFI\CLOVER\kexts\Other
63:069  0:000  Extra kext: EFI\CLOVER\kexts\Other\IntelMausiEthernet.kext (v.2.4.1d1)
63:075  0:005  Extra kext: EFI\CLOVER\kexts\Other\WhateverGreen.kext (v.1.2.6)
63:082  0:006  Extra kext: EFI\CLOVER\kexts\Other\Lilu.kext (v.1.3.4)
63:083  0:001  Extra kext: EFI\CLOVER\kexts\Other\USBInjectAll.kext (v.0.7.1)
63:113  0:029  Extra kext: EFI\CLOVER\kexts\Other\VoodooPS2Controller.kext (v.1.9.2)
63:115  0:002    |-- PlugIn kext: EFI\CLOVER\kexts\Other\VoodooPS2Controller.kext\Contents\PlugIns\VoodooPS2Mouse.kext (v.1.9.2)
63:117  0:002    |-- PlugIn kext: EFI\CLOVER\kexts\Other\VoodooPS2Controller.kext\Contents\PlugIns\VoodooPS2Keyboard.kext (v.1.9.2)
63:122  0:004    |-- PlugIn kext: EFI\CLOVER\kexts\Other\VoodooPS2Controller.kext\Contents\PlugIns\VoodooPS2Trackpad.kext (v.1.9.2)
63:125  0:003  Extra kext: EFI\CLOVER\kexts\Other\FakeSMC.kext (v.1800)
63:129  0:003  Custom boot screen not used because entry has unset use graphics
63:129  0:000  Closing log
